<?xml version="1.0" encoding="UTF-8" ?>
<testsuite tests="8" failures="0" name="domain.TestOperacion" time="0.016" errors="0" skipped="0">
  <properties>
[...]
</properties>
  <testcase classname="domain.TestOperacion" name="testPuedeGenerarRemitoSiNoSonArticulos" time="0.008"/>
  <testcase classname="domain.TestOperacion" name="testPuedeGenerarRemito" time="0"/>
  <testcase classname="domain.TestOperacion" name="testCambioDePrecioEstandoOperacionCerrada" time="0.007"/>
  <testcase classname="domain.TestOperacion" name="testAgregadoDeItemEstandoOperacionCerrada" time="0.001"/>
  <testcase classname="domain.TestOperacion" name="testCalculoValorDeOperacionPostAgregadoDeElemento" time="0"/>
  <testcase classname="domain.TestOperacion" name="modificarPrecioDeArticuloCerrandoOperacion" time="0"/>
  <testcase classname="domain.TestOperacion" name="testCalculoValorDeOperacion" time="0"/>
  <testcase classname="domain.TestOperacion" name="modificarPrecioDeArticulo" time="0"/>
</testsuite>